Arguments: 
  /Users/linhao/.nvm/versions/node/v16.1.0/bin/node /opt/homebrew/bin/yarn

PATH: 
  /Users/linhao/.nvm/versions/node/v16.1.0/bin:/opt/homebrew/bin:/opt/homebrew/sbin:/opt/homebrew/bin:/opt/homebrew/sbin:/usr/local/bin:/usr/bin:/bin:/usr/sbin:/sbin:/Users/linhao/.cargo/bin:/Users/linhao/.nvm/versions/node/v16.1.0/bin:/opt/homebrew/bin:/opt/homebrew/sbin

Yarn version: 
  1.22.10

Node version: 
  16.1.0

Platform: 
  darwin arm64

Trace: 
  SyntaxError: /Users/linhao/Desktop/web/vite-plugin-cssModule/package.json: Unexpected token { in JSON at position 4
      at JSON.parse (<anonymous>)
      at /opt/homebrew/lib/node_modules/yarn/lib/cli.js:1625:59
      at Generator.next (<anonymous>)
      at step (/opt/homebrew/lib/node_modules/yarn/lib/cli.js:310:30)
      at /opt/homebrew/lib/node_modules/yarn/lib/cli.js:321:13

npm manifest: 
  {
    {
    "name": "vite-plugin-transform-css-modules",
    "version": "1.0.1",
    "description": "🌈🌈🌈 transform not module.(css|scss|less) to css module",
    "main": "dist/bundle.js",
    "scripts": {
      "test": "echo \"Error: no test specified\" && exit 1",
      "build": "yarn run rollup -c"
    },
    "keywords": [
      "vite plugin",
      "postcss",
      "css",
      "modules",
      "css modules"
    ],
    "repository": {
      "type": "git",
      "url": "git+https://github.com/Summer-andy/vite-plugin-transform-css-modules.git"
    },
    "author": "",
    "license": "ISC",
    "bugs": {
      "url": "https://github.com/Summer-andy/vite-plugin-transform-css-modules/issues"
    },
    "homepage": "https://github.com/Summer-andy/vite-plugin-transform-css-modules#readme",
    "dependencies": {
      "@babel/core": "^7.9.6",
      "@babel/plugin-syntax-import-meta": "^7.10.4",
      "@rollup/pluginutils": "^4.1.1",
      "postcss-modules": "^4.2.2",
      "react-refresh": "^0.8.2"
    },
    "devDependencies": {
      "@types/node": "^14.0.3",
      "typescript": "^3.9.2",
      "rollup": "^2.45.2"
    }
  }

yarn manifest: 
  No manifest

Lockfile: 
  # THIS IS AN AUTOGENERATED FILE. DO NOT EDIT THIS FILE DIRECTLY.
  # yarn lockfile v1
  
  
  "@babel/code-frame@^7.10.4":
    version "7.10.4"
    resolved "https://registry.npmjs.org/@babel/code-frame/-/code-frame-7.10.4.tgz#168da1a36e90da68ae8d49c0f1b48c7c6249213a"
    integrity sha512-vG6SvB6oYEhvgisZNFRmRCUkLz11c7rp+tbNTynGqc6mS1d5ATd/sGyV6W0KZZnXRKMTzZDRgQT3Ou9jhpAfUg==
    dependencies:
      "@babel/highlight" "^7.10.4"
  
  "@babel/core@^7.9.6":
    version "7.12.3"
    resolved "https://registry.npmjs.org/@babel/core/-/core-7.12.3.tgz#1b436884e1e3bff6fb1328dc02b208759de92ad8"
    integrity sha512-0qXcZYKZp3/6N2jKYVxZv0aNCsxTSVCiK72DTiTYZAu7sjg73W0/aynWjMbiGd87EQL4WyA8reiJVh92AVla9g==
    dependencies:
      "@babel/code-frame" "^7.10.4"
      "@babel/generator" "^7.12.1"
      "@babel/helper-module-transforms" "^7.12.1"
      "@babel/helpers" "^7.12.1"
      "@babel/parser" "^7.12.3"
      "@babel/template" "^7.10.4"
      "@babel/traverse" "^7.12.1"
      "@babel/types" "^7.12.1"
      convert-source-map "^1.7.0"
      debug "^4.1.0"
      gensync "^1.0.0-beta.1"
      json5 "^2.1.2"
      lodash "^4.17.19"
      resolve "^1.3.2"
      semver "^5.4.1"
      source-map "^0.5.0"
  
  "@babel/generator@^7.12.1":
    version "7.12.1"
    resolved "https://registry.npmjs.org/@babel/generator/-/generator-7.12.1.tgz#0d70be32bdaa03d7c51c8597dda76e0df1f15468"
    integrity sha512-DB+6rafIdc9o72Yc3/Ph5h+6hUjeOp66pF0naQBgUFFuPqzQwIlPTm3xZR7YNvduIMtkDIj2t21LSQwnbCrXvg==
    dependencies:
      "@babel/types" "^7.12.1"
      jsesc "^2.5.1"
      source-map "^0.5.0"
  
  "@babel/helper-function-name@^7.10.4":
    version "7.10.4"
    resolved "https://registry.npmjs.org/@babel/helper-function-name/-/helper-function-name-7.10.4.tgz#d2d3b20c59ad8c47112fa7d2a94bc09d5ef82f1a"
    integrity sha512-YdaSyz1n8gY44EmN7x44zBn9zQ1Ry2Y+3GTA+3vH6Mizke1Vw0aWDM66FOYEPw8//qKkmqOckrGgTYa+6sceqQ==
    dependencies:
      "@babel/helper-get-function-arity" "^7.10.4"
      "@babel/template" "^7.10.4"
      "@babel/types" "^7.10.4"
  
  "@babel/helper-get-function-arity@^7.10.4":
    version "7.10.4"
    resolved "https://registry.npmjs.org/@babel/helper-get-function-arity/-/helper-get-function-arity-7.10.4.tgz#98c1cbea0e2332f33f9a4661b8ce1505b2c19ba2"
    integrity sha512-EkN3YDB+SRDgiIUnNgcmiD361ti+AVbL3f3Henf6dqqUyr5dMsorno0lJWJuLhDhkI5sYEpgj6y9kB8AOU1I2A==
    dependencies:
      "@babel/types" "^7.10.4"
  
  "@babel/helper-member-expression-to-functions@^7.12.1":
    version "7.12.1"
    resolved "https://registry.npmjs.org/@babel/helper-member-expression-to-functions/-/helper-member-expression-to-functions-7.12.1.tgz#fba0f2fcff3fba00e6ecb664bb5e6e26e2d6165c"
    integrity sha512-k0CIe3tXUKTRSoEx1LQEPFU9vRQfqHtl+kf8eNnDqb4AUJEy5pz6aIiog+YWtVm2jpggjS1laH68bPsR+KWWPQ==
    dependencies:
      "@babel/types" "^7.12.1"
  
  "@babel/helper-module-imports@^7.12.1":
    version "7.12.1"
    resolved "https://registry.npmjs.org/@babel/helper-module-imports/-/helper-module-imports-7.12.1.tgz#1644c01591a15a2f084dd6d092d9430eb1d1216c"
    integrity sha512-ZeC1TlMSvikvJNy1v/wPIazCu3NdOwgYZLIkmIyAsGhqkNpiDoQQRmaCK8YP4Pq3GPTLPV9WXaPCJKvx06JxKA==
    dependencies:
      "@babel/types" "^7.12.1"
  
  "@babel/helper-module-transforms@^7.12.1":
    version "7.12.1"
    resolved "https://registry.npmjs.org/@babel/helper-module-transforms/-/helper-module-transforms-7.12.1.tgz#7954fec71f5b32c48e4b303b437c34453fd7247c"
    integrity sha512-QQzehgFAZ2bbISiCpmVGfiGux8YVFXQ0abBic2Envhej22DVXV9nCFaS5hIQbkyo1AdGb+gNME2TSh3hYJVV/w==
    dependencies:
      "@babel/helper-module-imports" "^7.12.1"
      "@babel/helper-replace-supers" "^7.12.1"
      "@babel/helper-simple-access" "^7.12.1"
      "@babel/helper-split-export-declaration" "^7.11.0"
      "@babel/helper-validator-identifier" "^7.10.4"
      "@babel/template" "^7.10.4"
      "@babel/traverse" "^7.12.1"
      "@babel/types" "^7.12.1"
      lodash "^4.17.19"
  
  "@babel/helper-optimise-call-expression@^7.10.4":
    version "7.10.4"
    resolved "https://registry.npmjs.org/@babel/helper-optimise-call-expression/-/helper-optimise-call-expression-7.10.4.tgz#50dc96413d594f995a77905905b05893cd779673"
    integrity sha512-n3UGKY4VXwXThEiKrgRAoVPBMqeoPgHVqiHZOanAJCG9nQUL2pLRQirUzl0ioKclHGpGqRgIOkgcIJaIWLpygg==
    dependencies:
      "@babel/types" "^7.10.4"
  
  "@babel/helper-plugin-utils@^7.10.4":
    version "7.10.4"
    resolved "https://registry.npmjs.org/@babel/helper-plugin-utils/-/helper-plugin-utils-7.10.4.tgz#2f75a831269d4f677de49986dff59927533cf375"
    integrity sha512-O4KCvQA6lLiMU9l2eawBPMf1xPP8xPfB3iEQw150hOVTqj/rfXz0ThTb4HEzqQfs2Bmo5Ay8BzxfzVtBrr9dVg==
  
  "@babel/helper-replace-supers@^7.12.1":
    version "7.12.1"
    resolved "https://registry.npmjs.org/@babel/helper-replace-supers/-/helper-replace-supers-7.12.1.tgz#f15c9cc897439281891e11d5ce12562ac0cf3fa9"
    integrity sha512-zJjTvtNJnCFsCXVi5rUInstLd/EIVNmIKA1Q9ynESmMBWPWd+7sdR+G4/wdu+Mppfep0XLyG2m7EBPvjCeFyrw==
    dependencies:
      "@babel/helper-member-expression-to-functions" "^7.12.1"
      "@babel/helper-optimise-call-expression" "^7.10.4"
      "@babel/traverse" "^7.12.1"
      "@babel/types" "^7.12.1"
  
  "@babel/helper-simple-access@^7.12.1":
    version "7.12.1"
    resolved "https://registry.npmjs.org/@babel/helper-simple-access/-/helper-simple-access-7.12.1.tgz#32427e5aa61547d38eb1e6eaf5fd1426fdad9136"
    integrity sha512-OxBp7pMrjVewSSC8fXDFrHrBcJATOOFssZwv16F3/6Xtc138GHybBfPbm9kfiqQHKhYQrlamWILwlDCeyMFEaA==
    dependencies:
      "@babel/types" "^7.12.1"
  
  "@babel/helper-split-export-declaration@^7.11.0":
    version "7.11.0"
    resolved "https://registry.npmjs.org/@babel/helper-split-export-declaration/-/helper-split-export-declaration-7.11.0.tgz#f8a491244acf6a676158ac42072911ba83ad099f"
    integrity sha512-74Vejvp6mHkGE+m+k5vHY93FX2cAtrw1zXrZXRlG4l410Nm9PxfEiVTn1PjDPV5SnmieiueY4AFg2xqhNFuuZg==
    dependencies:
      "@babel/types" "^7.11.0"
  
  "@babel/helper-validator-identifier@^7.10.4":
    version "7.10.4"
    resolved "https://registry.npmjs.org/@babel/helper-validator-identifier/-/helper-validator-identifier-7.10.4.tgz#a78c7a7251e01f616512d31b10adcf52ada5e0d2"
    integrity sha512-3U9y+43hz7ZM+rzG24Qe2mufW5KhvFg/NhnNph+i9mgCtdTCtMJuI1TMkrIUiK7Ix4PYlRF9I5dhqaLYA/ADXw==
  
  "@babel/helpers@^7.12.1":
    version "7.12.1"
    resolved "https://registry.npmjs.org/@babel/helpers/-/helpers-7.12.1.tgz#8a8261c1d438ec18cb890434df4ec768734c1e79"
    integrity sha512-9JoDSBGoWtmbay98efmT2+mySkwjzeFeAL9BuWNoVQpkPFQF8SIIFUfY5os9u8wVzglzoiPRSW7cuJmBDUt43g==
    dependencies:
      "@babel/template" "^7.10.4"
      "@babel/traverse" "^7.12.1"
      "@babel/types" "^7.12.1"
  
  "@babel/highlight@^7.10.4":
    version "7.10.4"
    resolved "https://registry.npmjs.org/@babel/highlight/-/highlight-7.10.4.tgz#7d1bdfd65753538fabe6c38596cdb76d9ac60143"
    integrity sha512-i6rgnR/YgPEQzZZnbTHHuZdlE8qyoBNalD6F+q4vAFlcMEcqmkoG+mPqJYJCo63qPf74+Y1UZsl3l6f7/RIkmA==
    dependencies:
      "@babel/helper-validator-identifier" "^7.10.4"
      chalk "^2.0.0"
      js-tokens "^4.0.0"
  
  "@babel/parser@^7.10.4", "@babel/parser@^7.12.1", "@babel/parser@^7.12.3":
    version "7.12.3"
    resolved "https://registry.npmjs.org/@babel/parser/-/parser-7.12.3.tgz#a305415ebe7a6c7023b40b5122a0662d928334cd"
    integrity sha512-kFsOS0IbsuhO5ojF8Hc8z/8vEIOkylVBrjiZUbLTE3XFe0Qi+uu6HjzQixkFaqr0ZPAMZcBVxEwmsnsLPZ2Xsw==
  
  "@babel/plugin-syntax-import-meta@^7.10.4":
    version "7.10.4"
    resolved "https://registry.npmjs.org/@babel/plugin-syntax-import-meta/-/plugin-syntax-import-meta-7.10.4.tgz#ee601348c370fa334d2207be158777496521fd51"
    integrity sha512-Yqfm+XDx0+Prh3VSeEQCPU81yC+JWZ2pDPFSS4ZdpfZhp4MkFMaDC1UqseovEKwSUpnIL7+vK+Clp7bfh0iD7g==
    dependencies:
      "@babel/helper-plugin-utils" "^7.10.4"
  
  "@babel/template@^7.10.4":
    version "7.10.4"
    resolved "https://registry.npmjs.org/@babel/template/-/template-7.10.4.tgz#3251996c4200ebc71d1a8fc405fba940f36ba278"
    integrity sha512-ZCjD27cGJFUB6nmCB1Enki3r+L5kJveX9pq1SvAUKoICy6CZ9yD8xO086YXdYhvNjBdnekm4ZnaP5yC8Cs/1tA==
    dependencies:
      "@babel/code-frame" "^7.10.4"
      "@babel/parser" "^7.10.4"
      "@babel/types" "^7.10.4"
  
  "@babel/traverse@^7.12.1":
    version "7.12.1"
    resolved "https://registry.npmjs.org/@babel/traverse/-/traverse-7.12.1.tgz#941395e0c5cc86d5d3e75caa095d3924526f0c1e"
    integrity sha512-MA3WPoRt1ZHo2ZmoGKNqi20YnPt0B1S0GTZEPhhd+hw2KGUzBlHuVunj6K4sNuK+reEvyiPwtp0cpaqLzJDmAw==
    dependencies:
      "@babel/code-frame" "^7.10.4"
      "@babel/generator" "^7.12.1"
      "@babel/helper-function-name" "^7.10.4"
      "@babel/helper-split-export-declaration" "^7.11.0"
      "@babel/parser" "^7.12.1"
      "@babel/types" "^7.12.1"
      debug "^4.1.0"
      globals "^11.1.0"
      lodash "^4.17.19"
  
  "@babel/types@^7.10.4", "@babel/types@^7.11.0", "@babel/types@^7.12.1":
    version "7.12.1"
    resolved "https://registry.npmjs.org/@babel/types/-/types-7.12.1.tgz#e109d9ab99a8de735be287ee3d6a9947a190c4ae"
    integrity sha512-BzSY3NJBKM4kyatSOWh3D/JJ2O3CVzBybHWxtgxnggaxEuaSTTDqeiSb/xk9lrkw2Tbqyivw5ZU4rT+EfznQsA==
    dependencies:
      "@babel/helper-validator-identifier" "^7.10.4"
      lodash "^4.17.19"
      to-fast-properties "^2.0.0"
  
  "@rollup/pluginutils@^4.1.1":
    version "4.1.1"
    resolved "https://registry.nlark.com/@rollup/pluginutils/download/@rollup/pluginutils-4.1.1.tgz?cache=0&sync_timestamp=1626393703548&other_urls=https%3A%2F%2Fregistry.nlark.com%2F%40rollup%2Fpluginutils%2Fdownload%2F%40rollup%2Fpluginutils-4.1.1.tgz#1d4da86dd4eded15656a57d933fda2b9a08d47ec"
    integrity sha1-HU2obdTt7RVlalfZM/2iuaCNR+w=
    dependencies:
      estree-walker "^2.0.1"
      picomatch "^2.2.2"
  
  "@types/node@^14.0.3":
    version "14.14.5"
    resolved "https://registry.npmjs.org/@types/node/-/node-14.14.5.tgz#e92d3b8f76583efa26c1a63a21c9d3c1143daa29"
    integrity sha512-H5Wn24s/ZOukBmDn03nnGTp18A60ny9AmCwnEcgJiTgSGsCO7k+NWP7zjCCbhlcnVCoI+co52dUAt9GMhOSULw==
  
  ansi-styles@^3.2.1:
    version "3.2.1"
    resolved "https://registry.npmjs.org/ansi-styles/-/ansi-styles-3.2.1.tgz#41fbb20243e50b12be0f04b8dedbf07520ce841d"
    integrity sha512-VT0ZI6kZRdTh8YyJw3SMbYm/u+NqfsAxEpWO0Pf9sq8/e94WxxOpPKx9FR1FlyCtOVDNOQ+8ntlqFxiRc+r5qA==
    dependencies:
      color-convert "^1.9.0"
  
  big.js@^5.2.2:
    version "5.2.2"
    resolved "https://registry.npmjs.org/big.js/-/big.js-5.2.2.tgz#65f0af382f578bcdc742bd9c281e9cb2d7768328"
    integrity sha512-vyL2OymJxmarO8gxMr0mhChsO9QGwhynfuu4+MHTAW6czfq9humCB7rKpUjDd9YUiDPU4mzpyupFSvOClAwbmQ==
  
  chalk@^2.0.0:
    version "2.4.2"
    resolved "https://registry.npmjs.org/chalk/-/chalk-2.4.2.tgz#cd42541677a54333cf541a49108c1432b44c9424"
    integrity sha512-Mti+f9lpJNcwF4tWV8/OrTTtF1gZi+f8FqlyAdouralcFWFQWF2+NgCHShjkCb+IFBLq9buZwE1xckQU4peSuQ==
    dependencies:
      ansi-styles "^3.2.1"
      escape-string-regexp "^1.0.5"
      supports-color "^5.3.0"
  
  color-convert@^1.9.0:
    version "1.9.3"
    resolved "https://registry.npmjs.org/color-convert/-/color-convert-1.9.3.tgz#bb71850690e1f136567de629d2d5471deda4c1e8"
    integrity sha512-QfAUtd+vFdAtFQcC8CCyYt1fYWxSqAiK2cSD6zDB8N3cpsEBAvRxp9zOGg6G/SHHJYAT88/az/IuDGALsNVbGg==
    dependencies:
      color-name "1.1.3"
  
  color-name@1.1.3:
    version "1.1.3"
    resolved "https://registry.npmjs.org/color-name/-/color-name-1.1.3.tgz#a7d0558bd89c42f795dd42328f740831ca53bc25"
    integrity sha1-p9BVi9icQveV3UIyj3QIMcpTvCU=
  
  convert-source-map@^1.7.0:
    version "1.7.0"
    resolved "https://registry.npmjs.org/convert-source-map/-/convert-source-map-1.7.0.tgz#17a2cb882d7f77d3490585e2ce6c524424a3a442"
    integrity sha512-4FJkXzKXEDB1snCFZlLP4gpC3JILicCpGbzG9f9G7tGqGCzETQ2hWPrcinA9oU4wtf2biUaEH5065UnMeR33oA==
    dependencies:
      safe-buffer "~5.1.1"
  
  cssesc@^3.0.0:
    version "3.0.0"
    resolved "https://registry.npmjs.org/cssesc/-/cssesc-3.0.0.tgz#37741919903b868565e1c09ea747445cd18983ee"
    integrity sha512-/Tb/JcjK111nNScGob5MNtsntNM1aCNUDipB/TkwZFhyDrrE47SOx/18wF2bbjgc3ZzCSKW1T5nt5EbFoAz/Vg==
  
  debug@^4.1.0:
    version "4.2.0"
    resolved "https://registry.npmjs.org/debug/-/debug-4.2.0.tgz#7f150f93920e94c58f5574c2fd01a3110effe7f1"
    integrity sha512-IX2ncY78vDTjZMFUdmsvIRFY2Cf4FnD0wRs+nQwJU8Lu99/tPFdb0VybiiMTPe3I6rQmwsqQqRBvxU+bZ/I8sg==
    dependencies:
      ms "2.1.2"
  
  emojis-list@^3.0.0:
    version "3.0.0"
    resolved "https://registry.npmjs.org/emojis-list/-/emojis-list-3.0.0.tgz#5570662046ad29e2e916e71aae260abdff4f6a78"
    integrity sha512-/kyM18EfinwXZbno9FyUGeFh87KC8HRQBQGildHZbEuRyWFOmv1U10o9BBp8XVZDVNNuQKyIGIu5ZYAAXJ0V2Q==
  
  escape-string-regexp@^1.0.5:
    version "1.0.5"
    resolved "https://registry.npmjs.org/escape-string-regexp/-/escape-string-regexp-1.0.5.tgz#1b61c0562190a8dff6ae3bb2cf0200ca130b86d4"
    integrity sha1-G2HAViGQqN/2rjuyzwIAyhMLhtQ=
  
  estree-walker@^2.0.1:
    version "2.0.1"
    resolved "https://registry.npmjs.org/estree-walker/-/estree-walker-2.0.1.tgz#f8e030fb21cefa183b44b7ad516b747434e7a3e0"
    integrity sha512-tF0hv+Yi2Ot1cwj9eYHtxC0jB9bmjacjQs6ZBTj82H8JwUywFuc+7E83NWfNMwHXZc11mjfFcVXPe9gEP4B8dg==
  
  fsevents@~2.3.2:
    version "2.3.2"
    resolved "https://registry.npmmirror.com/fsevents/download/fsevents-2.3.2.tgz#8a526f78b8fdf4623b709e0b975c52c24c02fd1a"
    integrity sha1-ilJveLj99GI7cJ4Ll1xSwkwC/Ro=
  
  function-bind@^1.1.1:
    version "1.1.1"
    resolved "https://registry.npmjs.org/function-bind/-/function-bind-1.1.1.tgz#a56899d3ea3c9bab874bb9773b7c5ede92f4895d"
    integrity sha512-yIovAzMX49sF8Yl58fSCWJ5svSLuaibPxXQJFLmBObTuCr0Mf1KiPopGM9NiFjiYBCbfaa2Fh6breQ6ANVTI0A==
  
  generic-names@^2.0.1:
    version "2.0.1"
    resolved "https://registry.npmjs.org/generic-names/-/generic-names-2.0.1.tgz#f8a378ead2ccaa7a34f0317b05554832ae41b872"
    integrity sha512-kPCHWa1m9wGG/OwQpeweTwM/PYiQLrUIxXbt/P4Nic3LbGjCP0YwrALHW1uNLKZ0LIMg+RF+XRlj2ekT9ZlZAQ==
    dependencies:
      loader-utils "^1.1.0"
  
  gensync@^1.0.0-beta.1:
    version "1.0.0-beta.1"
    resolved "https://registry.npmjs.org/gensync/-/gensync-1.0.0-beta.1.tgz#58f4361ff987e5ff6e1e7a210827aa371eaac269"
    integrity sha512-r8EC6NO1sngH/zdD9fiRDLdcgnbayXah+mLgManTaIZJqEC1MZstmnox8KpnI2/fxQwrp5OpCOYWLp4rBl4Jcg==
  
  globals@^11.1.0:
    version "11.12.0"
    resolved "https://registry.npmjs.org/globals/-/globals-11.12.0.tgz#ab8795338868a0babd8525758018c2a7eb95c42e"
    integrity sha512-WOBp/EEGUiIsJSp7wcv/y6MO+lV9UoncWqxuFfm8eBwzWNgyfBd6Gz+IeKQ9jCmyhoH99g15M3T+QaVHFjizVA==
  
  has-flag@^3.0.0:
    version "3.0.0"
    resolved "https://registry.npmjs.org/has-flag/-/has-flag-3.0.0.tgz#b5d454dc2199ae225699f3467e5a07f3b955bafd"
    integrity sha1-tdRU3CGZriJWmfNGfloH87lVuv0=
  
  has@^1.0.3:
    version "1.0.3"
    resolved "https://registry.npmjs.org/has/-/has-1.0.3.tgz#722d7cbfc1f6aa8241f16dd814e011e1f41e8796"
    integrity sha512-f2dvO0VU6Oej7RkWJGrehjbzMAjFp5/VKPp5tTpWIV4JHHZK1/BxbFRtf/siA2SWTe09caDmVtYYzWEIbBS4zw==
    dependencies:
      function-bind "^1.1.1"
  
  icss-replace-symbols@^1.1.0:
    version "1.1.0"
    resolved "https://registry.npmjs.org/icss-replace-symbols/-/icss-replace-symbols-1.1.0.tgz#06ea6f83679a7749e386cfe1fe812ae5db223ded"
    integrity sha1-Bupvg2ead0njhs/h/oEq5dsiPe0=
  
  icss-utils@^5.0.0:
    version "5.1.0"
    resolved "https://registry.npm.taobao.org/icss-utils/download/icss-utils-5.1.0.tgz#c6be6858abd013d768e98366ae47e25d5887b1ae"
    integrity sha1-xr5oWKvQE9do6YNmrkfiXViHsa4=
  
  indexes-of@^1.0.1:
    version "1.0.1"
    resolved "https://registry.npmjs.org/indexes-of/-/indexes-of-1.0.1.tgz#f30f716c8e2bd346c7b67d3df3915566a7c05607"
    integrity sha1-8w9xbI4r00bHtn0985FVZqfAVgc=
  
  is-core-module@^2.0.0:
    version "2.0.0"
    resolved "https://registry.npmjs.org/is-core-module/-/is-core-module-2.0.0.tgz#58531b70aed1db7c0e8d4eb1a0a2d1ddd64bd12d"
    integrity sha512-jq1AH6C8MuteOoBPwkxHafmByhL9j5q4OaPGdbuD+ZtQJVzH+i6E3BJDQcBA09k57i2Hh2yQbEG8yObZ0jdlWw==
    dependencies:
      has "^1.0.3"
  
  js-tokens@^4.0.0:
    version "4.0.0"
    resolved "https://registry.npmjs.org/js-tokens/-/js-tokens-4.0.0.tgz#19203fb59991df98e3a287050d4647cdeaf32499"
    integrity sha512-RdJUflcE3cUzKiMqQgsCu06FPu9UdIJO0beYbPhHN4k6apgJtifcoCtT9bcxOpYBtpD2kCM6Sbzg4CausW/PKQ==
  
  jsesc@^2.5.1:
    version "2.5.2"
    resolved "https://registry.npmjs.org/jsesc/-/jsesc-2.5.2.tgz#80564d2e483dacf6e8ef209650a67df3f0c283a4"
    integrity sha512-OYu7XEzjkCQ3C5Ps3QIZsQfNpqoJyZZA99wd9aWd05NCtC5pWOkShK2mkL6HXQR6/Cy2lbNdPlZBpuQHXE63gA==
  
  json5@^1.0.1:
    version "1.0.1"
    resolved "https://registry.npmjs.org/json5/-/json5-1.0.1.tgz#779fb0018604fa854eacbf6252180d83543e3dbe"
    integrity sha512-aKS4WQjPenRxiQsC93MNfjx+nbF4PAdYzmd/1JIj8HYzqfbu86beTuNgXDzPknWk0n0uARlyewZo4s++ES36Ow==
    dependencies:
      minimist "^1.2.0"
  
  json5@^2.1.2:
    version "2.1.3"
    resolved "https://registry.npmjs.org/json5/-/json5-2.1.3.tgz#c9b0f7fa9233bfe5807fe66fcf3a5617ed597d43"
    integrity sha512-KXPvOm8K9IJKFM0bmdn8QXh7udDh1g/giieX0NLCaMnb4hEiVFqnop2ImTXCc5e0/oHz3LTqmHGtExn5hfMkOA==
    dependencies:
      minimist "^1.2.5"
  
  loader-utils@^1.1.0:
    version "1.4.0"
    resolved "https://registry.npmjs.org/loader-utils/-/loader-utils-1.4.0.tgz#c579b5e34cb34b1a74edc6c1fb36bfa371d5a613"
    integrity sha512-qH0WSMBtn/oHuwjy/NucEgbx5dbxxnxup9s4PVXJUDHZBQY+s0NWA9rJf53RBnQZxfch7euUui7hpoAPvALZdA==
    dependencies:
      big.js "^5.2.2"
      emojis-list "^3.0.0"
      json5 "^1.0.1"
  
  lodash.camelcase@^4.3.0:
    version "4.3.0"
    resolved "https://registry.npmjs.org/lodash.camelcase/-/lodash.camelcase-4.3.0.tgz#b28aa6288a2b9fc651035c7711f65ab6190331a6"
    integrity sha1-soqmKIorn8ZRA1x3EfZathkDMaY=
  
  lodash@^4.17.19:
    version "4.17.20"
    resolved "https://registry.npmjs.org/lodash/-/lodash-4.17.20.tgz#b44a9b6297bcb698f1c51a3545a2b3b368d59c52"
    integrity sha512-PlhdFcillOINfeV7Ni6oF1TAEayyZBoZ8bcshTHqOYJYlrqzRK5hagpagky5o4HfCzzd1TRkXPMFq6cKk9rGmA==
  
  minimist@^1.2.0, minimist@^1.2.5:
    version "1.2.5"
    resolved "https://registry.npmjs.org/minimist/-/minimist-1.2.5.tgz#67d66014b66a6a8aaa0c083c5fd58df4e4e97602"
    integrity sha512-FM9nNUYrRBAELZQT3xeZQ7fmMOBg6nWNmJKTcgsJeaLstP/UODVpGsr5OhXhhXg6f+qtJ8uiZ+PUxkDWcgIXLw==
  
  ms@2.1.2:
    version "2.1.2"
    resolved "https://registry.npmjs.org/ms/-/ms-2.1.2.tgz#d09d1f357b443f493382a8eb3ccd183872ae6009"
    integrity sha512-sGkPx+VjMtmA6MX27oA4FBFELFCZZ4S4XqeGOXCv68tT+jb3vk/RyaKWP0PTKyWtmLSM0b+adUTEvbs1PEaH2w==
  
  path-parse@^1.0.6:
    version "1.0.6"
    resolved "https://registry.npmjs.org/path-parse/-/path-parse-1.0.6.tgz#d62dbb5679405d72c4737ec58600e9ddcf06d24c"
    integrity sha512-GSmOT2EbHrINBf9SR7CDELwlJ8AENk3Qn7OikK4nFYAu3Ote2+JYNVvkpAEQm3/TLNEJFD/xZJjzyxg3KBWOzw==
  
  picomatch@^2.2.2:
    version "2.2.2"
    resolved "https://registry.npmjs.org/picomatch/-/picomatch-2.2.2.tgz#21f333e9b6b8eaff02468f5146ea406d345f4dad"
    integrity sha512-q0M/9eZHzmr0AulXyPwNfZjtwZ/RBZlbN3K3CErVrk50T2ASYI7Bye0EvekFY3IP1Nt2DHu0re+V2ZHIpMkuWg==
  
  postcss-modules-extract-imports@^3.0.0:
    version "3.0.0"
    resolved "https://registry.nlark.com/postcss-modules-extract-imports/download/postcss-modules-extract-imports-3.0.0.tgz#cda1f047c0ae80c97dbe28c3e76a43b88025741d"
    integrity sha1-zaHwR8CugMl9vijD52pDuIAldB0=
  
  postcss-modules-local-by-default@^4.0.0:
    version "4.0.0"
    resolved "https://registry.nlark.com/postcss-modules-local-by-default/download/postcss-modules-local-by-default-4.0.0.tgz#ebbb54fae1598eecfdf691a02b3ff3b390a5a51c"
    integrity sha1-67tU+uFZjuz99pGgKz/zs5ClpRw=
    dependencies:
      icss-utils "^5.0.0"
      postcss-selector-parser "^6.0.2"
      postcss-value-parser "^4.1.0"
  
  postcss-modules-scope@^3.0.0:
    version "3.0.0"
    resolved "https://registry.npm.taobao.org/postcss-modules-scope/download/postcss-modules-scope-3.0.0.tgz?cache=0&sync_timestamp=1602593260387&other_urls=https%3A%2F%2Fregistry.npm.taobao.org%2Fpostcss-modules-scope%2Fdownload%2Fpostcss-modules-scope-3.0.0.tgz#9ef3151456d3bbfa120ca44898dfca6f2fa01f06"
    integrity sha1-nvMVFFbTu/oSDKRImN/Kby+gHwY=
    dependencies:
      postcss-selector-parser "^6.0.4"
  
  postcss-modules-values@^4.0.0:
    version "4.0.0"
    resolved "https://registry.npm.taobao.org/postcss-modules-values/download/postcss-modules-values-4.0.0.tgz?cache=0&sync_timestamp=1602586230505&other_urls=https%3A%2F%2Fregistry.npm.taobao.org%2Fpostcss-modules-values%2Fdownload%2Fpostcss-modules-values-4.0.0.tgz#d7c5e7e68c3bb3c9b27cbf48ca0bb3ffb4602c9c"
    integrity sha1-18Xn5ow7s8myfL9Iyguz/7RgLJw=
    dependencies:
      icss-utils "^5.0.0"
  
  postcss-modules@^4.2.2:
    version "4.2.2"
    resolved "https://registry.nlark.com/postcss-modules/download/postcss-modules-4.2.2.tgz#5e7777c5a8964ea176919d90b2e54ef891321ce5"
    integrity sha1-Xnd3xaiWTqF2kZ2QsuVO+JEyHOU=
    dependencies:
      generic-names "^2.0.1"
      icss-replace-symbols "^1.1.0"
      lodash.camelcase "^4.3.0"
      postcss-modules-extract-imports "^3.0.0"
      postcss-modules-local-by-default "^4.0.0"
      postcss-modules-scope "^3.0.0"
      postcss-modules-values "^4.0.0"
      string-hash "^1.1.1"
  
  postcss-selector-parser@^6.0.2, postcss-selector-parser@^6.0.4:
    version "6.0.4"
    resolved "https://registry.npmjs.org/postcss-selector-parser/-/postcss-selector-parser-6.0.4.tgz#56075a1380a04604c38b063ea7767a129af5c2b3"
    integrity sha512-gjMeXBempyInaBqpp8gODmwZ52WaYsVOsfr4L4lDQ7n3ncD6mEyySiDtgzCT+NYC0mmeOLvtsF8iaEf0YT6dBw==
    dependencies:
      cssesc "^3.0.0"
      indexes-of "^1.0.1"
      uniq "^1.0.1"
      util-deprecate "^1.0.2"
  
  postcss-value-parser@^4.1.0:
    version "4.1.0"
    resolved "https://registry.npmjs.org/postcss-value-parser/-/postcss-value-parser-4.1.0.tgz#443f6a20ced6481a2bda4fa8532a6e55d789a2cb"
    integrity sha512-97DXOFbQJhk71ne5/Mt6cOu6yxsSfM0QGQyl0L25Gca4yGWEGJaig7l7gbCX623VqTBNGLRLaVUCnNkcedlRSQ==
  
  react-refresh@^0.8.2:
    version "0.8.3"
    resolved "https://registry.npmjs.org/react-refresh/-/react-refresh-0.8.3.tgz#721d4657672d400c5e3c75d063c4a85fb2d5d68f"
    integrity sha512-X8jZHc7nCMjaCqoU+V2I0cOhNW+QMBwSUkeXnTi8IPe6zaRWfn60ZzvFDZqWPfmSJfjub7dDW1SP0jaHWLu/hg==
  
  resolve@^1.3.2:
    version "1.18.1"
    resolved "https://registry.npmjs.org/resolve/-/resolve-1.18.1.tgz#018fcb2c5b207d2a6424aee361c5a266da8f4130"
    integrity sha512-lDfCPaMKfOJXjy0dPayzPdF1phampNWr3qFCjAu+rw/qbQmr5jWH5xN2hwh9QKfw9E5v4hwV7A+jrCmL8yjjqA==
    dependencies:
      is-core-module "^2.0.0"
      path-parse "^1.0.6"
  
  rollup@^2.45.2:
    version "2.61.1"
    resolved "https://registry.npmmirror.com/rollup/download/rollup-2.61.1.tgz#1a5491f84543cf9e4caf6c61222d9a3f8f2ba454"
    integrity sha512-BbTXlEvB8d+XFbK/7E5doIcRtxWPRiqr0eb5vQ0+2paMM04Ye4PZY5nHOQef2ix24l/L0SpLd5hwcH15QHPdvA==
    optionalDependencies:
      fsevents "~2.3.2"
  
  safe-buffer@~5.1.1:
    version "5.1.2"
    resolved "https://registry.npmjs.org/safe-buffer/-/safe-buffer-5.1.2.tgz#991ec69d296e0313747d59bdfd2b745c35f8828d"
    integrity sha512-Gd2UZBJDkXlY7GbJxfsE8/nvKkUEU1G38c1siN6QP6a9PT9MmHB8GnpscSmMJSoF8LOIrt8ud/wPtojys4G6+g==
  
  semver@^5.4.1:
    version "5.7.1"
    resolved "https://registry.npmjs.org/semver/-/semver-5.7.1.tgz#a954f931aeba508d307bbf069eff0c01c96116f7"
    integrity sha512-sauaDf/PZdVgrLTNYHRtpXa1iRiKcaebiKQ1BJdpQlWH2lCvexQdX55snPFyK7QzpudqbCI0qXFfOasHdyNDGQ==
  
  source-map@^0.5.0:
    version "0.5.7"
    resolved "https://registry.npmjs.org/source-map/-/source-map-0.5.7.tgz#8a039d2d1021d22d1ea14c80d8ea468ba2ef3fcc"
    integrity sha1-igOdLRAh0i0eoUyA2OpGi6LvP8w=
  
  string-hash@^1.1.1:
    version "1.1.3"
    resolved "https://registry.npmjs.org/string-hash/-/string-hash-1.1.3.tgz#e8aafc0ac1855b4666929ed7dd1275df5d6c811b"
    integrity sha1-6Kr8CsGFW0Zmkp7X3RJ1311sgRs=
  
  supports-color@^5.3.0:
    version "5.5.0"
    resolved "https://registry.npmjs.org/supports-color/-/supports-color-5.5.0.tgz#e2e69a44ac8772f78a1ec0b35b689df6530efc8f"
    integrity sha512-QjVjwdXIt408MIiAqCX4oUKsgU2EqAGzs2Ppkm4aQYbjm+ZEWEcW4SfFNTr4uMNZma0ey4f5lgLrkB0aX0QMow==
    dependencies:
      has-flag "^3.0.0"
  
  to-fast-properties@^2.0.0:
    version "2.0.0"
    resolved "https://registry.npmjs.org/to-fast-properties/-/to-fast-properties-2.0.0.tgz#dc5e698cbd079265bc73e0377681a4e4e83f616e"
    integrity sha1-3F5pjL0HkmW8c+A3doGk5Og/YW4=
  
  typescript@^3.9.2:
    version "3.9.7"
    resolved "https://registry.npmjs.org/typescript/-/typescript-3.9.7.tgz#98d600a5ebdc38f40cb277522f12dc800e9e25fa"
    integrity sha512-BLbiRkiBzAwsjut4x/dsibSTB6yWpwT5qWmC2OfuCg3GgVQCSgMs4vEctYPhsaGtd0AeuuHMkjZ2h2WG8MSzRw==
  
  uniq@^1.0.1:
    version "1.0.1"
    resolved "https://registry.npmjs.org/uniq/-/uniq-1.0.1.tgz#b31c5ae8254844a3a8281541ce2b04b865a734ff"
    integrity sha1-sxxa6CVIRKOoKBVBzisEuGWnNP8=
  
  util-deprecate@^1.0.2:
    version "1.0.2"
    resolved "https://registry.npmjs.org/util-deprecate/-/util-deprecate-1.0.2.tgz#450d4dc9fa70de732762fbd2d4a28981419a0ccf"
    integrity sha1-RQ1Nyfpw3nMnYvvS1KKJgUGaDM8=
